0 info it worked if it ends with ok
1 verbose cli [ 'C:\\Users\\Sallywa\\Documents\\node-v6.10.1-win-x64\\node.exe',
1 verbose cli   'C:\\Users\\Sallywa\\Documents\\node-v6.10.1-win-x64\\node_modules\\npm\\bin\\npm-cli.js',
1 verbose cli   'run',
1 verbose cli   'dev' ]
2 info using npm@3.10.10
3 info using node@v6.10.1
4 verbose run-script [ 'predev', 'dev', 'postdev' ]
5 info lifecycle webpack_train@1.0.0~predev: webpack_train@1.0.0
6 silly lifecycle webpack_train@1.0.0~predev: no script for predev, continuing
7 info lifecycle webpack_train@1.0.0~dev: webpack_train@1.0.0
8 verbose lifecycle webpack_train@1.0.0~dev: unsafe-perm in lifecycle true
9 verbose lifecycle webpack_train@1.0.0~dev: PATH: C:\Users\Sallywa\Documents\node-v6.10.1-win-x64\node_modules\npm\bin\node-gyp-bin;C:\Users\Sallywa\Documents\阿拉丁\dangdang-detail\node_modules\.bin;C:\Users\Sallywa\Documents\software\anaconda;C:\Users\Sallywa\Documents\software\anaconda\Library\mingw-w64\bin;C:\Users\Sallywa\Documents\software\anaconda\Library\usr\bin;C:\Users\Sallywa\Documents\software\anaconda\Library\bin;C:\Users\Sallywa\Documents\software\anaconda\Scripts;C:\Windows\system32;C:\Windows;C:\Windows\System32\Wbem;C:\Windows\System32\WindowsPowerShell\v1.0\;C:\Program Files (x86)\NVIDIA Corporation\PhysX\Common;C:\Program Files\Intel\WiFi\bin\;C:\Program Files\Common Files\Intel\WirelessCommon\;C:\Users\Sallywa\Documents\software\git\Git\cmd;C:\WINDOWS\system32;C:\WINDOWS;C:\WINDOWS\System32\Wbem;C:\WINDOWS\System32\WindowsPowerShell\v1.0\;C:\Users\Sallywa\Documents\CTEX\UserData\miktex\bin;C:\Users\Sallywa\Documents\CTEX\MiKTeX\miktex\bin;C:\Users\Sallywa\Documents\CTEX\CTeX;C:\Users\Sallywa\Documents\CTEX\CTeX\Packages\ctex\bin;C:\Users\Sallywa\Documents\CTEX\CTeX\Packages\cct\bin;C:\Users\Sallywa\Documents\CTEX\CTeX\Packages\ty\bin;C:\Users\Sallywa\Documents\CTEX\Ghostscript\gs9.18\bin;C:\Users\Sallywa\Documents\CTEX\GSview\gsview;C:\Users\Sallywa\Documents\CTEX\WinEdt;C:\WINDOWS\System32\OpenSSH\;C:\Users\Sallywa\Documents\node-v6.10.1-win-x64;C:\Users\Sallywa\AppData\Local\Microsoft\WindowsApps;;C:\Program Files\Microsoft VS Code\bin
10 verbose lifecycle webpack_train@1.0.0~dev: CWD: C:\Users\Sallywa\Documents\阿拉丁\dangdang-detail
11 silly lifecycle webpack_train@1.0.0~dev: Args: [ '/d /s /c', 'cross-env NODE_ENV=dev webpack-dev-server' ]
12 verbose stack Error: kill ENOSYS
12 verbose stack     at exports._errnoException (util.js:1018:11)
12 verbose stack     at process.kill (internal/process.js:190:13)
12 verbose stack     at process.listener (C:\Users\Sallywa\Documents\node-v6.10.1-win-x64\node_modules\npm\node_modules\npmlog\node_modules\gauge\node_modules\signal-exit\index.js:86:15)
12 verbose stack     at emitNone (events.js:91:20)
12 verbose stack     at process.emit (events.js:185:7)
12 verbose stack     at processEmit (C:\Users\Sallywa\Documents\node-v6.10.1-win-x64\node_modules\npm\node_modules\npmlog\node_modules\gauge\node_modules\signal-exit\index.js:146:32)
12 verbose stack     at processEmit (C:\Users\Sallywa\Documents\node-v6.10.1-win-x64\node_modules\npm\node_modules\npm-registry-client\node_modules\npmlog\node_modules\gauge\node_modules\signal-exit\index.js:146:32)
12 verbose stack     at Signal.wrap.onsignal (internal/process.js:217:44)
13 verbose cwd C:\Users\Sallywa\Documents\阿拉丁\dangdang-detail
14 error Windows_NT 10.0.17134
15 error argv "C:\\Users\\Sallywa\\Documents\\node-v6.10.1-win-x64\\node.exe" "C:\\Users\\Sallywa\\Documents\\node-v6.10.1-win-x64\\node_modules\\npm\\bin\\npm-cli.js" "run" "dev"
16 error node v6.10.1
17 error npm  v3.10.10
18 error code ENOSYS
19 error errno ENOSYS
20 error syscall kill
21 error kill ENOSYS
22 error If you need help, you may report this error at:
22 error     <https://github.com/npm/npm/issues>
23 verbose exit [ 1, true ]
